<?xml version="1.0" encoding="UTF-8"?>
<!-- Generated by org.testng.reporters.JUnitReportReporter -->
<testsuite hostname="Subhadip" failures="0" tests="1" name="LoadExternalJSONFile.HowToLoadExternalJSON" time="2.495" errors="0" timestamp="06 Apr 2025 04:39:19 GMT" skipped="0">
  <testcase classname="LoadExternalJSONFile.HowToLoadExternalJSON" name="testCase_LoadDataFormExternalFile" time="2.495"/>
</testsuite> <!-- LoadExternalJSONFile.HowToLoadExternalJSON -->
