<?xml version="1.0" encoding="UTF-8"?>
<!-- Generated by org.testng.reporters.JUnitReportReporter -->
<testsuite hostname="Subhadip" failures="0" tests="2" name="HandlingDynamicJSONPayloads.ParameterizationAPITest" time="2.589" errors="0" timestamp="28 Mar 2025 12:38:30 GMT" skipped="0">
  <testcase classname="HandlingDynamicJSONPayloads.ParameterizationAPITest" name="createBook" time="0.378"/>
  <testcase classname="HandlingDynamicJSONPayloads.ParameterizationAPITest" name="createBook" time="2.211"/>
</testsuite> <!-- HandlingDynamicJSONPayloads.ParameterizationAPITest -->
