<?xml version="1.0" encoding="UTF-8"?>
<!-- Generated by org.testng.reporters.JUnitReportReporter -->
<testsuite hostname="Subhadip" failures="0" tests="1" name="POJO_Exercise_4.CreateBooking" time="2.962" errors="0" timestamp="06 Apr 2025 04:10:55 GMT" skipped="0">
  <testcase classname="POJO_Exercise_4.CreateBooking" name="testCase01_CreateDummyUser" time="2.962"/>
</testsuite> <!-- POJO_Exercise_4.CreateBooking -->
