<?xml version="1.0" encoding="UTF-8"?>
<!-- Generated by org.testng.reporters.JUnitReportReporter -->
<testsuite hostname="Subhadip" failures="0" tests="1" name="HandlingDynamicJSONPayloads.SendingEntireJSONFileAsPayload" time="4.556" errors="0" timestamp="28 Mar 2025 13:25:34 GMT" skipped="0">
  <testcase classname="HandlingDynamicJSONPayloads.SendingEntireJSONFileAsPayload" name="sendFilePayload" time="4.556"/>
</testsuite> <!-- HandlingDynamicJSONPayloads.SendingEntireJSONFileAsPayload -->
