<?xml version="1.0" encoding="UTF-8"?>
<!-- Generated by org.testng.reporters.JUnitReportReporter -->
<testsuite hostname="Subhadip" failures="0" tests="1" name="HandlingDynamicJSONPayloads.SendingParamsToPayload" time="2.333" errors="0" timestamp="28 Mar 2025 11:50:16 GMT" skipped="0">
  <testcase classname="HandlingDynamicJSONPayloads.SendingParamsToPayload" name="addBook" time="2.333"/>
</testsuite> <!-- HandlingDynamicJSONPayloads.SendingParamsToPayload -->
