<?xml version="1.0" encoding="UTF-8"?>
<!-- Generated by org.testng.reporters.JUnitReportReporter -->
<testsuite hostname="Subhadip" failures="0" tests="1" name="Authorization.BasicAuth.BasicAuthorization" time="6.122" errors="0" timestamp="31 Mar 2025 07:31:40 GMT" skipped="0">
  <testcase classname="Authorization.BasicAuth.BasicAuthorization" name="PerformBasicAPIAuth" time="6.122"/>
</testsuite> <!-- Authorization.BasicAuth.BasicAuthorization -->
