<?xml version="1.0" encoding="UTF-8"?>
<!-- Generated by org.testng.reporters.JUnitReportReporter -->
<testsuite hostname="Subhadip" failures="0" tests="1" name="LoadExternalJSONFile.LoadJSONData" time="0.026" errors="0" timestamp="05 Apr 2025 16:25:57 GMT" skipped="0">
  <testcase classname="LoadExternalJSONFile.LoadJSONData" name="testCase01_LoadExternalJSON" time="0.026"/>
</testsuite> <!-- LoadExternalJSONFile.LoadJSONData -->
