<?xml version="1.0" encoding="UTF-8"?>
<!-- Generated by org.testng.reporters.JUnitReportReporter -->
<testsuite hostname="Subhadip" failures="0" tests="1" name="Authorization.DigestAuth.DigestAuthentication" time="1.975" errors="0" timestamp="31 Mar 2025 07:48:39 GMT" skipped="0">
  <testcase classname="Authorization.DigestAuth.DigestAuthentication" name="performDigestAuthentication" time="1.975"/>
</testsuite> <!-- Authorization.DigestAuth.DigestAuthentication -->
