<?xml version="1.0" encoding="UTF-8"?>
<!-- Generated by org.testng.reporters.JUnitReportReporter -->
<testsuite hostname="Subhadip" failures="0" tests="1" name="HandlingDynamicJSONPayloads.HandlingParameterizedDynamicJSON" time="1.736" errors="0" timestamp="28 Mar 2025 11:28:06 GMT" skipped="0">
  <testcase classname="HandlingDynamicJSONPayloads.HandlingParameterizedDynamicJSON" name="addBook" time="1.736"/>
</testsuite> <!-- HandlingDynamicJSONPayloads.HandlingParameterizedDynamicJSON -->
