<?xml version="1.0" encoding="UTF-8"?>
<!-- Generated by org.testng.reporters.JUnitReportReporter -->
<testsuite hostname="Subhadip" failures="0" tests="1" name="POJO_Exercise_3.SerializeAndDeserialize" time="3.342" errors="0" timestamp="05 Apr 2025 15:16:44 GMT" skipped="0">
  <testcase classname="POJO_Exercise_3.SerializeAndDeserialize" name="testCase01_SerializeDeserialize" time="3.342"/>
</testsuite> <!-- POJO_Exercise_3.SerializeAndDeserialize -->
